This file contains any messages produced by compilers while
running configure, to aid debugging if configure makes a mistake.

It was created by configure, which was
generated by GNU Autoconf 2.59.  Invocation command line was

  $ ./configure --enable-maintainer-mode

## --------- ##
## Platform. ##
## --------- ##

hostname = foundry.panologic.com
uname -m = i686
uname -r = 2.6.9-42.0.10.ELsmp
uname -s = Linux
uname -v = #1 SMP Tue Feb 27 10:11:19 EST 2007

/usr/bin/uname -p = unknown
/bin/uname -X     = unknown

/bin/arch              = i686
/usr/bin/arch -k       = unknown
/usr/convex/getsysinfo = unknown
hostinfo               = unknown
/bin/machine           = unknown
/usr/bin/oslevel       = unknown
/bin/universe          = unknown

PATH: /home/samir/bin
PATH: /usr/kerberos/bin
PATH: /usr/local/bin
PATH: /bin
PATH: /usr/bin
PATH: /usr/X11R6/bin


## ----------- ##
## Core tests. ##
## ----------- ##

configure:1339: checking for a BSD-compatible install
configure:1394: result: /usr/bin/install -c
configure:1405: checking whether build environment is sane
configure:1448: result: yes
configure:1513: checking for gawk
configure:1529: found /bin/gawk
configure:1539: result: gawk
configure:1549: checking whether make sets $(MAKE)
configure:1569: result: yes
configure:1739: checking whether to enable maintainer-specific portions of Makefiles
configure:1748: result: yes
configure:1776: checking for style of include used by make
configure:1804: result: GNU
configure:1875: checking for gcc
configure:1891: found /usr/bin/gcc
configure:1901: result: gcc
configure:2145: checking for C compiler version
configure:2148: gcc --version </dev/null >&5
gcc (GCC) 3.4.6 20060404 (Red Hat 3.4.6-3)
Copyright (C) 2006 Free Software Foundation, Inc.
This is free software; see the source for copying conditions.  There is NO
warranty; not even for MERCHANTABILITY or FITNESS FOR A PARTICULAR PURPOSE.

configure:2151: $? = 0
configure:2153: gcc -v </dev/null >&5
Reading specs from /usr/lib/gcc/i386-redhat-linux/3.4.6/specs
Configured with: ../configure --prefix=/usr --mandir=/usr/share/man --infodir=/usr/share/info --enable-shared --enable-threads=posix --disable-checking --with-system-zlib --enable-__cxa_atexit --disable-libunwind-exceptions --enable-java-awt=gtk --host=i386-redhat-linux
Thread model: posix
gcc version 3.4.6 20060404 (Red Hat 3.4.6-3)
configure:2156: $? = 0
configure:2158: gcc -V </dev/null >&5
gcc: `-V' option must have argument
configure:2161: $? = 1
configure:2184: checking for C compiler default output file name
configure:2187: gcc    conftest.c  >&5
configure:2190: $? = 0
configure:2236: result: a.out
configure:2241: checking whether the C compiler works
configure:2247: ./a.out
configure:2250: $? = 0
configure:2267: result: yes
configure:2274: checking whether we are cross compiling
configure:2276: result: no
configure:2279: checking for suffix of executables
configure:2281: gcc -o conftest    conftest.c  >&5
configure:2284: $? = 0
configure:2309: result: 
configure:2315: checking for suffix of object files
configure:2336: gcc -c   conftest.c >&5
configure:2339: $? = 0
configure:2361: result: o
configure:2365: checking whether we are using the GNU C compiler
configure:2389: gcc -c   conftest.c >&5
configure:2395: $? = 0
configure:2399: test -z 
			 || test ! -s conftest.err
configure:2402: $? = 0
configure:2405: test -s conftest.o
configure:2408: $? = 0
configure:2421: result: yes
configure:2427: checking whether gcc accepts -g
configure:2448: gcc -c -g  conftest.c >&5
configure:2454: $? = 0
configure:2458: test -z 
			 || test ! -s conftest.err
configure:2461: $? = 0
configure:2464: test -s conftest.o
configure:2467: $? = 0
configure:2478: result: yes
configure:2495: checking for gcc option to accept ANSI C
configure:2565: gcc  -c -g -O2  conftest.c >&5
configure:2571: $? = 0
configure:2575: test -z 
			 || test ! -s conftest.err
configure:2578: $? = 0
configure:2581: test -s conftest.o
configure:2584: $? = 0
configure:2602: result: none needed
configure:2620: gcc -c -g -O2  conftest.c >&5
conftest.c:2: error: syntax error before "me"
configure:2626: $? = 1
configure: failed program was:
| #ifndef __cplusplus
|   choke me
| #endif
configure:2761: checking dependency style of gcc
configure:2851: result: gcc3
configure:2869: checking for library containing strerror
configure:2899: gcc -o conftest -g -O2   conftest.c  >&5
configure:2905: $? = 0
configure:2909: test -z 
			 || test ! -s conftest.err
configure:2912: $? = 0
configure:2915: test -s conftest
configure:2918: $? = 0
configure:2988: result: none required
configure:3041: checking for gcc
configure:3067: result: gcc
configure:3311: checking for C compiler version
configure:3314: gcc --version </dev/null >&5
gcc (GCC) 3.4.6 20060404 (Red Hat 3.4.6-3)
Copyright (C) 2006 Free Software Foundation, Inc.
This is free software; see the source for copying conditions.  There is NO
warranty; not even for MERCHANTABILITY or FITNESS FOR A PARTICULAR PURPOSE.

configure:3317: $? = 0
configure:3319: gcc -v </dev/null >&5
Reading specs from /usr/lib/gcc/i386-redhat-linux/3.4.6/specs
Configured with: ../configure --prefix=/usr --mandir=/usr/share/man --infodir=/usr/share/info --enable-shared --enable-threads=posix --disable-checking --with-system-zlib --enable-__cxa_atexit --disable-libunwind-exceptions --enable-java-awt=gtk --host=i386-redhat-linux
Thread model: posix
gcc version 3.4.6 20060404 (Red Hat 3.4.6-3)
configure:3322: $? = 0
configure:3324: gcc -V </dev/null >&5
gcc: `-V' option must have argument
configure:3327: $? = 1
configure:3330: checking whether we are using the GNU C compiler
configure:3386: result: yes
configure:3392: checking whether gcc accepts -g
configure:3443: result: yes
configure:3460: checking for gcc option to accept ANSI C
configure:3567: result: none needed
configure:3585: gcc -c -g -O2  conftest.c >&5
conftest.c:2: error: syntax error before "me"
configure:3591: $? = 1
configure: failed program was:
| #ifndef __cplusplus
|   choke me
| #endif
configure:3726: checking dependency style of gcc
configure:3816: result: gcc3
configure:3879: checking for gcc
configure:3905: result: gcc
configure:4149: checking for C compiler version
configure:4152: gcc --version </dev/null >&5
gcc (GCC) 3.4.6 20060404 (Red Hat 3.4.6-3)
Copyright (C) 2006 Free Software Foundation, Inc.
This is free software; see the source for copying conditions.  There is NO
warranty; not even for MERCHANTABILITY or FITNESS FOR A PARTICULAR PURPOSE.

configure:4155: $? = 0
configure:4157: gcc -v </dev/null >&5
Reading specs from /usr/lib/gcc/i386-redhat-linux/3.4.6/specs
Configured with: ../configure --prefix=/usr --mandir=/usr/share/man --infodir=/usr/share/info --enable-shared --enable-threads=posix --disable-checking --with-system-zlib --enable-__cxa_atexit --disable-libunwind-exceptions --enable-java-awt=gtk --host=i386-redhat-linux
Thread model: posix
gcc version 3.4.6 20060404 (Red Hat 3.4.6-3)
configure:4160: $? = 0
configure:4162: gcc -V </dev/null >&5
gcc: `-V' option must have argument
configure:4165: $? = 1
configure:4168: checking whether we are using the GNU C compiler
configure:4224: result: yes
configure:4230: checking whether gcc accepts -g
configure:4281: result: yes
configure:4298: checking for gcc option to accept ANSI C
configure:4405: result: none needed
configure:4423: gcc -c -g -O2  conftest.c >&5
conftest.c:2: error: syntax error before "me"
configure:4429: $? = 1
configure: failed program was:
| #ifndef __cplusplus
|   choke me
| #endif
configure:4564: checking dependency style of gcc
configure:4654: result: gcc3
configure:4679: checking how to run the C preprocessor
configure:4714: gcc -E  conftest.c
configure:4720: $? = 0
configure:4752: gcc -E  conftest.c
conftest.c:11:28: ac_nonexistent.h: No such file or directory
configure:4758: $? = 1
configure: failed program was:
| /* confdefs.h.  */
| 
| #define PACKAGE_NAME ""
| #define PACKAGE_TARNAME ""
| #define PACKAGE_VERSION ""
| #define PACKAGE_STRING ""
| #define PACKAGE_BUGREPORT ""
| #define PACKAGE "burningui"
| #define VERSION "0.1"
| /* end confdefs.h.  */
| #include <ac_nonexistent.h>
configure:4797: result: gcc -E
configure:4821: gcc -E  conftest.c
configure:4827: $? = 0
configure:4859: gcc -E  conftest.c
conftest.c:11:28: ac_nonexistent.h: No such file or directory
configure:4865: $? = 1
configure: failed program was:
| /* confdefs.h.  */
| 
| #define PACKAGE_NAME ""
| #define PACKAGE_TARNAME ""
| #define PACKAGE_VERSION ""
| #define PACKAGE_STRING ""
| #define PACKAGE_BUGREPORT ""
| #define PACKAGE "burningui"
| #define VERSION "0.1"
| /* end confdefs.h.  */
| #include <ac_nonexistent.h>
configure:4909: checking for egrep
configure:4919: result: grep -E
configure:4924: checking for ANSI C header files
configure:4949: gcc -c -g -O2  conftest.c >&5
configure:4955: $? = 0
configure:4959: test -z 
			 || test ! -s conftest.err
configure:4962: $? = 0
configure:4965: test -s conftest.o
configure:4968: $? = 0
configure:5057: gcc -o conftest -g -O2   conftest.c  >&5
configure:5060: $? = 0
configure:5062: ./conftest
configure:5065: $? = 0
configure:5080: result: yes
configure:5098: checking for pkg-config
configure:5116: found /usr/bin/pkg-config
configure:5129: result: /usr/bin/pkg-config
configure:5146: checking for gtk+-2.0 >= 2.0.0
configure:5150: result: yes
configure:5154: checking PACKAGE_CFLAGS
configure:5157: result: -DXTHREADS -D_REENTRANT -DXUSE_MTSAFE_API -I/usr/include/gtk-2.0 -I/usr/lib/gtk-2.0/include -I/usr/X11R6/include -I/usr/include/atk-1.0 -I/usr/include/pango-1.0 -I/usr/include/freetype2 -I/usr/include/freetype2/config -I/usr/include/glib-2.0 -I/usr/lib/glib-2.0/include  
configure:5160: checking PACKAGE_LIBS
configure:5163: result: -Wl,--export-dynamic -lgtk-x11-2.0 -lgdk-x11-2.0 -latk-1.0 -lgdk_pixbuf-2.0 -lm -lpangoxft-1.0 -lpangox-1.0 -lpango-1.0 -lgobject-2.0 -lgmodule-2.0 -ldl -lglib-2.0  
configure:5216: checking for sys/types.h
configure:5232: gcc -c -g -O2  conftest.c >&5
configure:5238: $? = 0
configure:5242: test -z 
			 || test ! -s conftest.err
configure:5245: $? = 0
configure:5248: test -s conftest.o
configure:5251: $? = 0
configure:5262: result: yes
configure:5216: checking for sys/stat.h
configure:5232: gcc -c -g -O2  conftest.c >&5
configure:5238: $? = 0
configure:5242: test -z 
			 || test ! -s conftest.err
configure:5245: $? = 0
configure:5248: test -s conftest.o
configure:5251: $? = 0
configure:5262: result: yes
configure:5216: checking for stdlib.h
configure:5232: gcc -c -g -O2  conftest.c >&5
configure:5238: $? = 0
configure:5242: test -z 
			 || test ! -s conftest.err
configure:5245: $? = 0
configure:5248: test -s conftest.o
configure:5251: $? = 0
configure:5262: result: yes
configure:5216: checking for string.h
configure:5232: gcc -c -g -O2  conftest.c >&5
configure:5238: $? = 0
configure:5242: test -z 
			 || test ! -s conftest.err
configure:5245: $? = 0
configure:5248: test -s conftest.o
configure:5251: $? = 0
configure:5262: result: yes
configure:5216: checking for memory.h
configure:5232: gcc -c -g -O2  conftest.c >&5
configure:5238: $? = 0
configure:5242: test -z 
			 || test ! -s conftest.err
configure:5245: $? = 0
configure:5248: test -s conftest.o
configure:5251: $? = 0
configure:5262: result: yes
configure:5216: checking for strings.h
configure:5232: gcc -c -g -O2  conftest.c >&5
configure:5238: $? = 0
configure:5242: test -z 
			 || test ! -s conftest.err
configure:5245: $? = 0
configure:5248: test -s conftest.o
configure:5251: $? = 0
configure:5262: result: yes
configure:5216: checking for inttypes.h
configure:5232: gcc -c -g -O2  conftest.c >&5
configure:5238: $? = 0
configure:5242: test -z 
			 || test ! -s conftest.err
configure:5245: $? = 0
configure:5248: test -s conftest.o
configure:5251: $? = 0
configure:5262: result: yes
configure:5216: checking for stdint.h
configure:5232: gcc -c -g -O2  conftest.c >&5
configure:5238: $? = 0
configure:5242: test -z 
			 || test ! -s conftest.err
configure:5245: $? = 0
configure:5248: test -s conftest.o
configure:5251: $? = 0
configure:5262: result: yes
configure:5216: checking for unistd.h
configure:5232: gcc -c -g -O2  conftest.c >&5
configure:5238: $? = 0
configure:5242: test -z 
			 || test ! -s conftest.err
configure:5245: $? = 0
configure:5248: test -s conftest.o
configure:5251: $? = 0
configure:5262: result: yes
configure:5289: checking locale.h usability
configure:5301: gcc -c -g -O2  conftest.c >&5
configure:5307: $? = 0
configure:5311: test -z 
			 || test ! -s conftest.err
configure:5314: $? = 0
configure:5317: test -s conftest.o
configure:5320: $? = 0
configure:5330: result: yes
configure:5334: checking locale.h presence
configure:5344: gcc -E  conftest.c
configure:5350: $? = 0
configure:5370: result: yes
configure:5405: checking for locale.h
configure:5412: result: yes
configure:5426: checking for LC_MESSAGES
configure:5447: gcc -o conftest -g -O2   conftest.c  >&5
configure:5453: $? = 0
configure:5457: test -z 
			 || test ! -s conftest.err
configure:5460: $? = 0
configure:5463: test -s conftest
configure:5466: $? = 0
configure:5478: result: yes
configure:5507: checking libintl.h usability
configure:5519: gcc -c -g -O2  conftest.c >&5
configure:5525: $? = 0
configure:5529: test -z 
			 || test ! -s conftest.err
configure:5532: $? = 0
configure:5535: test -s conftest.o
configure:5538: $? = 0
configure:5548: result: yes
configure:5552: checking libintl.h presence
configure:5562: gcc -E  conftest.c
configure:5568: $? = 0
configure:5588: result: yes
configure:5623: checking for libintl.h
configure:5630: result: yes
configure:5641: checking for dgettext in libc
configure:5664: gcc -o conftest -g -O2   conftest.c  >&5
configure:5670: $? = 0
configure:5674: test -z 
			 || test ! -s conftest.err
configure:5677: $? = 0
configure:5680: test -s conftest
configure:5683: $? = 0
configure:5696: result: yes
configure:5704: checking for bind_textdomain_codeset
configure:5761: gcc -o conftest -g -O2   conftest.c  >&5
configure:5767: $? = 0
configure:5771: test -z 
			 || test ! -s conftest.err
configure:5774: $? = 0
configure:5777: test -s conftest
configure:5780: $? = 0
configure:5792: result: yes
configure:6164: checking for msgfmt
configure:6191: result: /usr/bin/msgfmt
configure:6204: checking for dcgettext
configure:6261: gcc -o conftest -g -O2   conftest.c   >&5
conftest.c:50: warning: conflicting types for built-in function 'dcgettext'
configure:6267: $? = 0
configure:6271: test -z 
			 || test ! -s conftest.err
configure:6274: $? = 0
configure:6277: test -s conftest
configure:6280: $? = 0
configure:6292: result: yes
configure:6304: checking for gmsgfmt
configure:6335: result: /usr/bin/msgfmt
configure:6344: checking for xgettext
configure:6371: result: /usr/bin/xgettext
configure:6395: gcc -o conftest -g -O2   conftest.c   >&5
configure:6401: $? = 0
configure:6405: test -z 
			 || test ! -s conftest.err
configure:6408: $? = 0
configure:6411: test -s conftest
configure:6414: $? = 0
configure:6776: creating ./config.status

## ---------------------- ##
## Running config.status. ##
## ---------------------- ##

This file was extended by config.status, which was
generated by GNU Autoconf 2.59.  Invocation command line was

  CONFIG_FILES    = 
  CONFIG_HEADERS  = 
  CONFIG_LINKS    = 
  CONFIG_COMMANDS = 
  $ ./config.status 

on foundry.panologic.com

config.status:715: creating Makefile
config.status:715: creating src/Makefile
config.status:715: creating po/Makefile.in
config.status:819: creating config.h
config.status:1119: executing depfiles commands
config.status:1119: executing default-1 commands

## ---------------- ##
## Cache variables. ##
## ---------------- ##

ac_cv_c_compiler_gnu=yes
ac_cv_env_CC_set=
ac_cv_env_CC_value=
ac_cv_env_CFLAGS_set=
ac_cv_env_CFLAGS_value=
ac_cv_env_CPPFLAGS_set=
ac_cv_env_CPPFLAGS_value=
ac_cv_env_CPP_set=
ac_cv_env_CPP_value=
ac_cv_env_LDFLAGS_set=
ac_cv_env_LDFLAGS_value=
ac_cv_env_build_alias_set=
ac_cv_env_build_alias_value=
ac_cv_env_host_alias_set=
ac_cv_env_host_alias_value=
ac_cv_env_target_alias_set=
ac_cv_env_target_alias_value=
ac_cv_exeext=
ac_cv_func_bind_textdomain_codeset=yes
ac_cv_func_dcgettext=yes
ac_cv_header_inttypes_h=yes
ac_cv_header_libintl_h=yes
ac_cv_header_locale_h=yes
ac_cv_header_memory_h=yes
ac_cv_header_stdc=yes
ac_cv_header_stdint_h=yes
ac_cv_header_stdlib_h=yes
ac_cv_header_string_h=yes
ac_cv_header_strings_h=yes
ac_cv_header_sys_stat_h=yes
ac_cv_header_sys_types_h=yes
ac_cv_header_unistd_h=yes
ac_cv_objext=o
ac_cv_path_GMSGFMT=/usr/bin/msgfmt
ac_cv_path_MSGFMT=/usr/bin/msgfmt
ac_cv_path_PKG_CONFIG=/usr/bin/pkg-config
ac_cv_path_XGETTEXT=/usr/bin/xgettext
ac_cv_path_install='/usr/bin/install -c'
ac_cv_prog_AWK=gawk
ac_cv_prog_CPP='gcc -E'
ac_cv_prog_ac_ct_CC=gcc
ac_cv_prog_cc_g=yes
ac_cv_prog_cc_stdc=
ac_cv_prog_egrep='grep -E'
ac_cv_prog_make_make_set=yes
ac_cv_search_strerror='none required'
am_cv_CC_dependencies_compiler_type=gcc3
am_cv_prog_cc_stdc=
am_cv_val_LC_MESSAGES=yes
gt_cv_func_dgettext_libc=yes
gt_cv_func_dgettext_libintl=no
gt_cv_have_gettext=yes

## ----------------- ##
## Output variables. ##
## ----------------- ##

ACLOCAL='${SHELL} /home/samir/sandbox/burnInGUI/missing --run aclocal-1.9'
AMDEPBACKSLASH='\'
AMDEP_FALSE='#'
AMDEP_TRUE=''
AMTAR='${SHELL} /home/samir/sandbox/burnInGUI/missing --run tar'
AUTOCONF='${SHELL} /home/samir/sandbox/burnInGUI/missing --run autoconf'
AUTOHEADER='${SHELL} /home/samir/sandbox/burnInGUI/missing --run autoheader'
AUTOMAKE='${SHELL} /home/samir/sandbox/burnInGUI/missing --run automake-1.9'
AWK='gawk'
CATALOGS=''
CATOBJEXT='.gmo'
CC='gcc'
CCDEPMODE='depmode=gcc3'
CFLAGS='-g -O2'
CPP='gcc -E'
CPPFLAGS=''
CYGPATH_W='echo'
DATADIRNAME='share'
DEFS='-DHAVE_CONFIG_H'
DEPDIR='.deps'
ECHO_C=''
ECHO_N='-n'
ECHO_T=''
EGREP='grep -E'
EXEEXT=''
GETTEXT_PACKAGE='burningui'
GMOFILES=''
GMSGFMT='/usr/bin/msgfmt'
INSTALL_DATA='${INSTALL} -m 644'
INSTALL_PROGRAM='${INSTALL}'
INSTALL_SCRIPT='${INSTALL}'
INSTALL_STRIP_PROGRAM='${SHELL} $(install_sh) -c -s'
INSTOBJEXT='.mo'
INTLLIBS=''
LDFLAGS=''
LIBOBJS=''
LIBS=''
LTLIBOBJS=''
MAINT=''
MAINTAINER_MODE_FALSE='#'
MAINTAINER_MODE_TRUE=''
MAKEINFO='${SHELL} /home/samir/sandbox/burnInGUI/missing --run makeinfo'
MKINSTALLDIRS='./mkinstalldirs'
MSGFMT='/usr/bin/msgfmt'
OBJEXT='o'
PACKAGE='burningui'
PACKAGE_BUGREPORT=''
PACKAGE_CFLAGS='-DXTHREADS -D_REENTRANT -DXUSE_MTSAFE_API -I/usr/include/gtk-2.0 -I/usr/lib/gtk-2.0/include -I/usr/X11R6/include -I/usr/include/atk-1.0 -I/usr/include/pango-1.0 -I/usr/include/freetype2 -I/usr/include/freetype2/config -I/usr/include/glib-2.0 -I/usr/lib/glib-2.0/include  '
PACKAGE_LIBS='-Wl,--export-dynamic -lgtk-x11-2.0 -lgdk-x11-2.0 -latk-1.0 -lgdk_pixbuf-2.0 -lm -lpangoxft-1.0 -lpangox-1.0 -lpango-1.0 -lgobject-2.0 -lgmodule-2.0 -ldl -lglib-2.0  '
PACKAGE_NAME=''
PACKAGE_STRING=''
PACKAGE_TARNAME=''
PACKAGE_VERSION=''
PATH_SEPARATOR=':'
PKG_CONFIG='/usr/bin/pkg-config'
POFILES=''
POSUB='po'
PO_IN_DATADIR_FALSE=''
PO_IN_DATADIR_TRUE=''
SET_MAKE=''
SHELL='/bin/sh'
STRIP=''
USE_NLS='yes'
VERSION='0.1'
XGETTEXT='/usr/bin/xgettext'
ac_ct_CC='gcc'
ac_ct_STRIP=''
am__fastdepCC_FALSE='#'
am__fastdepCC_TRUE=''
am__include='include'
am__leading_dot='.'
am__quote=''
am__tar='${AMTAR} chof - "$$tardir"'
am__untar='${AMTAR} xf -'
bindir='${exec_prefix}/bin'
build_alias=''
datadir='${prefix}/share'
exec_prefix='${prefix}'
host_alias=''
includedir='${prefix}/include'
infodir='${prefix}/info'
install_sh='/home/samir/sandbox/burnInGUI/install-sh'
libdir='${exec_prefix}/lib'
libexecdir='${exec_prefix}/libexec'
localstatedir='${prefix}/var'
mandir='${prefix}/man'
mkdir_p='mkdir -p --'
oldincludedir='/usr/include'
prefix='/usr/local'
program_transform_name='s,x,x,'
sbindir='${exec_prefix}/sbin'
sharedstatedir='${prefix}/com'
sysconfdir='${prefix}/etc'
target_alias=''

## ----------- ##
## confdefs.h. ##
## ----------- ##

#define ENABLE_NLS 1
#define GETTEXT_PACKAGE "burningui"
#define HAVE_BIND_TEXTDOMAIN_CODESET 1
#define HAVE_DCGETTEXT 1
#define HAVE_GETTEXT 1
#define HAVE_INTTYPES_H 1
#define HAVE_LC_MESSAGES 1
#define HAVE_LOCALE_H 1
#define HAVE_MEMORY_H 1
#define HAVE_STDINT_H 1
#define HAVE_STDLIB_H 1
#define HAVE_STRINGS_H 1
#define HAVE_STRING_H 1
#define HAVE_SYS_STAT_H 1
#define HAVE_SYS_TYPES_H 1
#define HAVE_UNISTD_H 1
#define PACKAGE "burningui"
#define PACKAGE_BUGREPORT ""
#define PACKAGE_NAME ""
#define PACKAGE_STRING ""
#define PACKAGE_TARNAME ""
#define PACKAGE_VERSION ""
#define STDC_HEADERS 1
#define VERSION "0.1"

configure: exit 0
